Authentication.jsx:137 PROFILE {userId: '76303283-9781-4d1b-939a-4a5c58fa288e', lastName: 'bnc', firstName: 'bnc', middleName: 'bnc', phone: '0555445566', …}disabled: falseemail: "bnc@bnc.com"firstName: "bnc"lastName: "bnc"middleName: "bnc"organization: {name: 'ОсОО BNC Finance', shortCode: 'bnc', longCode: 'BNC', address: 'г.Бишкек, ул. Турусбекова 109/1', clearingMember: false, …}phone: "0555445566"role: {id: '6531a0b2-2ae2-4b28-9389-698ad5382b8a', name: 'BROKER', normalizedName: 'BROKER', concurrencyStamp: null}settings: "{\"instruments\":[{\"id\":\"5633e944-7041-4ae8-8a34-3768a44f58da\",\"type\":\"instruments\",\"columns\":[{\"name\":\"instrumentGroupId\",\"label\":\"Группа\",\"show\":true},{\"name\":\"code\",\"label\":\"Код\",\"show\":true},{\"name\":\"blocked\",\"label\":\"Заблок\",\"show\":true},{\"name\":\"tradeStatusId\",\"label\":\"Сост.\",\"show\":true},{\"name\":\"demand\",\"label\":\"Спрос\",\"show\":true},{\"name\":\"offer\",\"label\":\"Предложение\",\"show\":true},{\"name\":\"demandp\",\"label\":\"П.Спрос\",\"show\":true},{\"name\":\"offerp\",\"label\":\"П.Предл\",\"show\":true},{\"name\":\"openSessionPrice\",\"label\":\"Открытие\",\"show\":true},{\"name\":\"maxDealPrice\",\"label\":\"Макс.\",\"show\":true},{\"name\":\"minDealPrice\",\"label\":\"Мин.\",\"show\":true},{\"name\":\"lastDealPrice\",\"label\":\"Посл.\",\"show\":true},{\"name\":\"avgDealPrice\",\"label\":\"Средн.\",\"show\":true},{\"name\":\"lastDealInstrumentAmount\",\"label\":\"Посл. кол-во\",\"show\":true},{\"name\":\"lastDealInstrumentSum\",\"label\":\"Посл. объем\",\"show\":true},{\"name\":\"totalDealInstrumentAmount\",\"label\":\"Общее кол-во\",\"show\":true},{\"name\":\"totalDealInstrumentSum\",\"label\":\"Общий объем\",\"show\":true},{\"name\":\"requestAmount\",\"label\":\"Заявки\",\"show\":true},{\"name\":\"dealAmount\",\"label\":\"Сделки\",\"show\":true},{\"name\":\"participantTotalAmount\",\"label\":\"Фирмы заявки\",\"show\":true},{\"name\":\"participantDealedAmount\",\"label\":\"Фирмы-сделки\",\"show\":true},{\"name\":\"unsatisfiedInstrumentAmount\",\"label\":\"Лимит ОП\",\"show\":true},{\"name\":\"bondPayoffDate\",\"label\":\"Погашение\",\"show\":true},{\"name\":\"bondPayoffDays\",\"label\":\"Дней до пог.\",\"show\":true}]}],\"fixing\":[],\"bids\":[{\"id\":\"8e8168e6-cdf0-47a9-a7a1-caf61d940e17\",\"type\":\"bids\",\"columns\":[{\"name\":\"instrumentCode\",\"label\":\"Инструмент\",\"show\":true},{\"name\":\"bidId\",\"label\":\"Номер\",\"show\":true},{\"name\":\"direction\",\"label\":\"B/S\",\"show\":true},{\"name\":\"price\",\"label\":\"Цена\",\"show\":true},{\"name\":\"amount\",\"label\":\"Кол-во\",\"show\":true},{\"name\":\"volume\",\"label\":\"Объём\",\"show\":true},{\"name\":\"profit\",\"label\":\"Доходность\",\"show\":true},{\"name\":\"balanceAmount\",\"label\":\"Остаток\",\"show\":true},{\"name\":\"status\",\"label\":\"Сост.\",\"show\":true},{\"name\":\"userName\",\"label\":\"Пользователь\",\"show\":true},{\"name\":\"createdAt\",\"label\":\"Зарегистрирована\",\"show\":true},{\"name\":\"accountNo\",\"label\":\"Торговый счёт\",\"show\":true},{\"name\":\"expiredAt\",\"label\":\"Дата/Время истечения\",\"show\":true},{\"name\":\"fullRequired\",\"label\":\"Весь объём\",\"show\":true}]}],\"deals\":[{\"id\":\"3513ac15-2677-4ec4-8846-32caaa486f4b\",\"type\":\"deals\",\"columns\":[{\"name\":\"dealNo\",\"label\":\"Номер сделки\",\"show\":true},{\"name\":\"bidNo\",\"label\":\" Номер заявки\",\"show\":true},{\"name\":\"instrumentCode\",\"label\":\"Код\",\"show\":true},{\"name\":\"bidDirection\",\"label\":\"B/S\",\"show\":true},{\"name\":\"sum\",\"label\":\"Сумма\",\"show\":true},{\"name\":\"quantity\",\"label\":\"Количество\",\"show\":true},{\"name\":\"userName\",\"label\":\"Пользователь\",\"show\":true},{\"name\":\"accountNo\",\"label\":\"Торговый счет\",\"show\":true},{\"name\":\"dealDate\",\"label\":\"Дата и время\",\"show\":true},{\"name\":\"partnerName\",\"label\":\"Фирма партнера\",\"show\":true},{\"name\":\"status\",\"label\":\"Состояние\",\"show\":true}]}]}"userId: "76303283-9781-4d1b-939a-4a5c58fa288e"[[Prototype]]: Object
index.js:1 Warning: Failed prop type: Invalid prop `anchorOrigin.vertical` of value `center` supplied to `ForwardRef(Snackbar)`, expected one of ["bottom","top"].
    at Snackbar (http://localhost:3000/static/js/vendors~main.chunk.js:28271:22)
    at WithStyles (http://localhost:3000/static/js/vendors~main.chunk.js:43460:31)
    at div
    at Briefcase (http://localhost:3000/static/js/main.chunk.js:2057:15)
    at div
    at Home (http://localhost:3000/static/js/main.chunk.js:4399:85)
    at div
    at Grid (http://localhost:3000/static/js/vendors~main.chunk.js:15039:35)
    at WithStyles (http://localhost:3000/static/js/vendors~main.chunk.js:43460:31)
    at div
    at Grid (http://localhost:3000/static/js/vendors~main.chunk.js:15039:35)
    at WithStyles (http://localhost:3000/static/js/vendors~main.chunk.js:43460:31)
    at App (http://localhost:3000/static/js/main.chunk.js:80:99)
    at Provider (http://localhost:3000/static/js/vendors~main.chunk.js:539813:20)
console.<computed> @ index.js:1
printWarning @ react.development.js:220
error @ react.development.js:196
checkPropTypes @ react.development.js:1935
validatePropTypes @ react.development.js:2136
createElementWithValidation @ react.development.js:2240
WithStyles @ withStyles.js:79
renderWithHooks @ react-dom.development.js:14985
updateForwardRef @ react-dom.development.js:17044
beginWork @ react-dom.development.js:19098
beginWork$1 @ react-dom.development.js:23940
performUnitOfWork @ react-dom.development.js:22776
workLoopSync @ react-dom.development.js:22707
renderRootSync @ react-dom.development.js:22670
performSyncWorkOnRoot @ react-dom.development.js:22293
(anonymous) @ react-dom.development.js:11327
unstable_runWithPriority @ scheduler.development.js:468
runWithPriority$1 @ react-dom.development.js:11276
flushSyncCallbackQueueImpl @ react-dom.development.js:11322
flushSyncCallbackQueue @ react-dom.development.js:11309
scheduleUpdateOnFiber @ react-dom.development.js:21893
dispatchAction @ react-dom.development.js:16139
authenticate @ App.js:22
(anonymous) @ Authentication.jsx:138
Promise.then (async)
fetchUserProfile @ Authentication.jsx:130
(anonymous) @ Authentication.jsx:110
Promise.then (async)
LoginButtonClick @ Authentication.jsx:98
onClick @ Authentication.jsx:252
callCallback @ react-dom.development.js:3945
invokeGuardedCallbackDev @ react-dom.development.js:3994
invokeGuardedCallback @ react-dom.development.js:4056
invokeGuardedCallbackAndCatchFirstError @ react-dom.development.js:4070
executeDispatch @ react-dom.development.js:8243
processDispatchQueueItemsInOrder @ react-dom.development.js:8275
processDispatchQueue @ react-dom.development.js:8288
dispatchEventsForPlugins @ react-dom.development.js:8299
(anonymous) @ react-dom.development.js:8508
batchedEventUpdates$1 @ react-dom.development.js:22396
batchedEventUpdates @ react-dom.development.js:3745
dispatchEventForPluginEventSystem @ react-dom.development.js:8507
attemptToDispatchEvent @ react-dom.development.js:6005
dispatchEvent @ react-dom.development.js:5924
unstable_runWithPriority @ scheduler.development.js:468
runWithPriority$1 @ react-dom.development.js:11276
discreteUpdates$1 @ react-dom.development.js:22413
discreteUpdates @ react-dom.development.js:3756
dispatchDiscreteEvent @ react-dom.development.js:5889
InstrumentFilters.jsx:61 INST FILTERS PROPS {kseRESTApi: 'http://192.168.2.150:5002', token: 'eyJhbGciOiJIUzI1NiIsInR5cCI6IkpXVCJ9.eyJodHRwOi8vc…xMSJ9.6YDrDlqz4Zt3meXAxqE222_HOcEoq5KZmgclYq0VkV0', userProfile: {…}, code: 'KGZSb', setShowInstrumentFilters: ƒ, …}
InstrumentFilters.jsx:71 TEST {"instruments":[{"id":"5633e944-7041-4ae8-8a34-3768a44f58da","type":"instruments","columns":[{"name":"instrumentGroupId","label":"Группа","show":true},{"name":"code","label":"Код","show":true},{"name":"blocked","label":"Заблок","show":true},{"name":"tradeStatusId","label":"Сост.","show":true},{"name":"demand","label":"Спрос","show":true},{"name":"offer","label":"Предложение","show":true},{"name":"demandp","label":"П.Спрос","show":true},{"name":"offerp","label":"П.Предл","show":true},{"name":"openSessionPrice","label":"Открытие","show":true},{"name":"maxDealPrice","label":"Макс.","show":true},{"name":"minDealPrice","label":"Мин.","show":true},{"name":"lastDealPrice","label":"Посл.","show":true},{"name":"avgDealPrice","label":"Средн.","show":true},{"name":"lastDealInstrumentAmount","label":"Посл. кол-во","show":true},{"name":"lastDealInstrumentSum","label":"Посл. объем","show":true},{"name":"totalDealInstrumentAmount","label":"Общее кол-во","show":true},{"name":"totalDealInstrumentSum","label":"Общий объем","show":true},{"name":"requestAmount","label":"Заявки","show":true},{"name":"dealAmount","label":"Сделки","show":true},{"name":"participantTotalAmount","label":"Фирмы заявки","show":true},{"name":"participantDealedAmount","label":"Фирмы-сделки","show":true},{"name":"unsatisfiedInstrumentAmount","label":"Лимит ОП","show":true},{"name":"bondPayoffDate","label":"Погашение","show":true},{"name":"bondPayoffDays","label":"Дней до пог.","show":true}]}],"fixing":[],"bids":[{"id":"8e8168e6-cdf0-47a9-a7a1-caf61d940e17","type":"bids","columns":[{"name":"instrumentCode","label":"Инструмент","show":true},{"name":"bidId","label":"Номер","show":true},{"name":"direction","label":"B/S","show":true},{"name":"price","label":"Цена","show":true},{"name":"amount","label":"Кол-во","show":true},{"name":"volume","label":"Объём","show":true},{"name":"profit","label":"Доходность","show":true},{"name":"balanceAmount","label":"Остаток","show":true},{"name":"status","label":"Сост.","show":true},{"name":"userName","label":"Пользователь","show":true},{"name":"createdAt","label":"Зарегистрирована","show":true},{"name":"accountNo","label":"Торговый счёт","show":true},{"name":"expiredAt","label":"Дата/Время истечения","show":true},{"name":"fullRequired","label":"Весь объём","show":true}]}],"deals":[{"id":"3513ac15-2677-4ec4-8846-32caaa486f4b","type":"deals","columns":[{"name":"dealNo","label":"Номер сделки","show":true},{"name":"bidNo","label":" Номер заявки","show":true},{"name":"instrumentCode","label":"Код","show":true},{"name":"bidDirection","label":"B/S","show":true},{"name":"sum","label":"Сумма","show":true},{"name":"quantity","label":"Количество","show":true},{"name":"userName","label":"Пользователь","show":true},{"name":"accountNo","label":"Торговый счет","show":true},{"name":"dealDate","label":"Дата и время","show":true},{"name":"partnerName","label":"Фирма партнера","show":true},{"name":"status","label":"Состояние","show":true}]}]}
